frontend/M1_claire/app/build/intermediates/manifest_merge_blame_file/debug/manifest-merger-blame-debug-report.txt
1<?xml version="1.0" encoding="utf-8"?>
2<manifest xmlns:android="http://schemas.android.com/apk/res/android"
3    package="com.example.community"
4    android:versionCode="1"
5    android:versionName="1.0" >
6
7    <uses-sdk
8        android:minSdkVersion="29"
8-->src\main\AndroidManifest.xml
9        android:targetSdkVersion="32" />
9-->src\main\AndroidManifest.xml
10
11    <uses-permission android:name="android.permission.INTERNET" />
11-->src\main\AndroidManifest.xml:6:5-67
11-->src\main\AndroidManifest.xml:6:22-64
12    <uses-permission android:name="android.permission.ACCESS_NOTIFICATION_POLICY" />
12-->src\main\AndroidManifest.xml:7:5-85
12-->src\main\AndroidManifest.xml:7:22-82
13    <uses-permission android:name="android.permission.ACCESS_NETWORK_STATE" />
13-->[com.google.firebase:firebase-messaging:23.0.6] AndroidManifest.xml:25:5-79
13-->[com.google.firebase:firebase-messaging:23.0.6] AndroidManifest.xml:25:22-76
14    <uses-permission android:name="android.permission.POST_NOTIFICATIONS" />
14-->[com.google.firebase:firebase-messaging:23.0.6] AndroidManifest.xml:26:5-77
14-->[com.google.firebase:firebase-messaging:23.0.6] AndroidManifest.xml:26:22-74
15    <uses-permission android:name="android.permission.WAKE_LOCK" /> <!-- Required by older versions of Google Play services to create IID tokens -->
15-->[com.google.firebase:firebase-messaging:23.0.6] AndroidManifest.xml:27:5-68
15-->[com.google.firebase:firebase-messaging:23.0.6] AndroidManifest.xml:27:22-65
16    <uses-permission android:name="com.google.android.c2dm.permission.RECEIVE" />
16-->[com.google.firebase:firebase-messaging:23.0.6] AndroidManifest.xml:29:5-82
16-->[com.google.firebase:firebase-messaging:23.0.6] AndroidManifest.xml:29:22-79
17    <uses-permission android:name="com.google.android.gms.permission.AD_ID" />
17-->[com.google.android.gms:play-services-measurement-api:21.0.0] AndroidManifest.xml:25:5-79
17-->[com.google.android.gms:play-services-measurement-api:21.0.0] AndroidManifest.xml:25:22-76
18    <uses-permission android:name="com.google.android.finsky.permission.BIND_GET_INSTALL_REFERRER_SERVICE" />
18-->[com.google.android.gms:play-services-measurement:21.0.0] AndroidManifest.xml:26:5-110
18-->[com.google.android.gms:play-services-measurement:21.0.0] AndroidManifest.xml:26:22-107
19
20    <application
20-->src\main\AndroidManifest.xml:9:5-102:19
21        android:allowBackup="true"
21-->src\main\AndroidManifest.xml:10:9-35
22        android:appComponentFactory="androidx.core.app.CoreComponentFactory"
22-->[androidx.core:core:1.5.0] AndroidManifest.xml:24:18-86
23        android:dataExtractionRules="@xml/data_extraction_rules"
23-->src\main\AndroidManifest.xml:11:9-65
24        android:debuggable="true"
25        android:extractNativeLibs="false"
26        android:fullBackupContent="@xml/backup_rules"
26-->src\main\AndroidManifest.xml:12:9-54
27        android:icon="@mipmap/ic_launcher"
27-->src\main\AndroidManifest.xml:13:9-43
28        android:label="@string/app_name"
28-->src\main\AndroidManifest.xml:14:9-41
29        android:roundIcon="@mipmap/ic_launcher_round"
29-->src\main\AndroidManifest.xml:15:9-54
30        android:supportsRtl="true"
30-->src\main\AndroidManifest.xml:16:9-35
31        android:testOnly="true"
32        android:theme="@style/Theme.Community"
32-->src\main\AndroidManifest.xml:17:9-47
33        android:usesCleartextTraffic="true" >
33-->src\main\AndroidManifest.xml:18:9-44
34        <activity
34-->src\main\AndroidManifest.xml:20:9-22:40
35            android:name="com.example.community.EditRestrictionsActivity"
35-->src\main\AndroidManifest.xml:21:13-53
36            android:exported="false" />
36-->src\main\AndroidManifest.xml:22:13-37
37        <activity
37-->src\main\AndroidManifest.xml:23:9-25:40
38            android:name="com.example.community.ExpandedOfferPost"
38-->src\main\AndroidManifest.xml:24:13-46
39            android:exported="false" />
39-->src\main\AndroidManifest.xml:25:13-37
40        <activity
40-->src\main\AndroidManifest.xml:26:9-28:40
41            android:name="com.example.community.ExpandedReqPost"
41-->src\main\AndroidManifest.xml:27:13-44
42            android:exported="false" />
42-->src\main\AndroidManifest.xml:28:13-37
43        <activity
43-->src\main\AndroidManifest.xml:29:9-31:40
44            android:name="com.example.community.OfferHomeFragment"
44-->src\main\AndroidManifest.xml:30:13-46
45            android:exported="false" />
45-->src\main\AndroidManifest.xml:31:13-37
46        <activity
46-->src\main\AndroidManifest.xml:32:9-34:40
47            android:name="com.example.community.OfferPostFragment"
47-->src\main\AndroidManifest.xml:33:13-46
48            android:exported="false" />
48-->src\main\AndroidManifest.xml:34:13-37
49        <activity
49-->src\main\AndroidManifest.xml:35:9-37:40
50            android:name="com.example.community.offer_list.NewOfferForm"
50-->src\main\AndroidManifest.xml:36:13-52
51            android:exported="false" />
51-->src\main\AndroidManifest.xml:37:13-37
52        <activity
52-->src\main\AndroidManifest.xml:38:9-40:40
53            android:name="com.example.community.offer_list.OfferPosts"
53-->src\main\AndroidManifest.xml:39:13-50
54            android:exported="false" />
54-->src\main\AndroidManifest.xml:40:13-37
55        <activity
55-->src\main\AndroidManifest.xml:41:9-43:40
56            android:name="com.example.community.request_list.NewRequestForm"
56-->src\main\AndroidManifest.xml:42:13-56
57            android:exported="false" />
57-->src\main\AndroidManifest.xml:43:13-37
58        <activity
58-->src\main\AndroidManifest.xml:44:9-46:40
59            android:name="com.example.community.SearchActivity"
59-->src\main\AndroidManifest.xml:45:13-43
60            android:exported="false" />
60-->src\main\AndroidManifest.xml:46:13-37
61        <activity
61-->src\main\AndroidManifest.xml:47:9-49:40
62            android:name="com.example.community.request_list.RequestPosts"
62-->src\main\AndroidManifest.xml:48:13-54
63            android:exported="false" />
63-->src\main\AndroidManifest.xml:49:13-37
64        <activity
64-->src\main\AndroidManifest.xml:50:9-52:40
65            android:name="com.example.community.request_list.ExpandedReqPost"
65-->src\main\AndroidManifest.xml:51:13-57
66            android:exported="false" />
66-->src\main\AndroidManifest.xml:52:13-37
67        <activity
67-->src\main\AndroidManifest.xml:53:9-55:40
68            android:name="com.example.community.offer_list.ExpandedOfferPost"
68-->src\main\AndroidManifest.xml:54:13-57
69            android:exported="false" />
69-->src\main\AndroidManifest.xml:55:13-37
70        <activity
70-->src\main\AndroidManifest.xml:56:9-60:66
71            android:name="com.example.community.ui.chat.message.MessageActivity"
71-->src\main\AndroidManifest.xml:57:13-60
72            android:exported="false"
72-->src\main\AndroidManifest.xml:58:13-37
73            android:label="@string/title_activity_message"
73-->src\main\AndroidManifest.xml:59:13-59
74            android:theme="@style/Theme.Community.NoActionBar" />
74-->src\main\AndroidManifest.xml:60:13-63
75        <activity
75-->src\main\AndroidManifest.xml:61:9-65:66
76            android:name="com.example.community.ui.chat.ChatActivity"
76-->src\main\AndroidManifest.xml:62:13-49
77            android:exported="false"
77-->src\main\AndroidManifest.xml:63:13-37
78            android:label="@string/title_activity_chat"
78-->src\main\AndroidManifest.xml:64:13-56
79            android:theme="@style/Theme.Community.NoActionBar" />
79-->src\main\AndroidManifest.xml:65:13-63
80        <activity
80-->src\main\AndroidManifest.xml:66:9-76:20
81            android:name="com.example.community.login.LoginActivity"
81-->src\main\AndroidManifest.xml:67:13-48
82            android:exported="true"
82-->src\main\AndroidManifest.xml:68:13-36
83            android:label="@string/title_activity_login"
83-->src\main\AndroidManifest.xml:69:13-57
84            android:theme="@style/Theme.Community.NoActionBar" >
84-->src\main\AndroidManifest.xml:70:13-63
85            <intent-filter>
85-->src\main\AndroidManifest.xml:71:13-75:29
86                <action android:name="android.intent.action.MAIN" />
86-->src\main\AndroidManifest.xml:72:17-69
86-->src\main\AndroidManifest.xml:72:25-66
87
88                <category android:name="android.intent.category.LAUNCHER" />
88-->src\main\AndroidManifest.xml:74:17-77
88-->src\main\AndroidManifest.xml:74:27-74
89            </intent-filter>
90        </activity>
91        <activity
91-->src\main\AndroidManifest.xml:77:9-80:48
92            android:name="com.example.community.MainActivity"
92-->src\main\AndroidManifest.xml:78:13-41
93            android:exported="false"
93-->src\main\AndroidManifest.xml:79:13-37
94            android:label="@string/app_name" /> <!-- Firebase Cloud Messaging configuration -->
94-->src\main\AndroidManifest.xml:80:13-45
95        <service
95-->src\main\AndroidManifest.xml:81:9-87:19
96            android:name="com.example.community.CustomFirebaseMessagingService"
96-->src\main\AndroidManifest.xml:82:13-59
97            android:exported="false" >
97-->src\main\AndroidManifest.xml:83:13-37
98            <intent-filter>
98-->src\main\AndroidManifest.xml:84:13-86:29
99                <action android:name="com.google.firebase.MESSAGING_EVENT" />
99-->src\main\AndroidManifest.xml:85:17-78
99-->src\main\AndroidManifest.xml:85:25-75
100            </intent-filter>
101        </service>
102        <!--
103 Set custom default icon. This is used when no icon is set for incoming notification messages.
104     See README(https://goo.gl/l4GJaQ) for more.
105        -->
106        <meta-data
106-->src\main\AndroidManifest.xml:92:9-94:68
107            android:name="com.google.firebase.messaging.default_notification_icon"
107-->src\main\AndroidManifest.xml:93:13-83
108            android:resource="@drawable/ic_stat_ic_notification" />
108-->src\main\AndroidManifest.xml:94:13-65
109        <!--
110 Set color used with incoming notification messages. This is used when no color is set for the incoming
111             notification message. See README(https://goo.gl/6BKBk7) for more.
112        -->
113        <meta-data
113-->src\main\AndroidManifest.xml:99:9-101:70
114            android:name="com.google.firebase.messaging.default_notification_color"
114-->src\main\AndroidManifest.xml:100:13-84
115            android:resource="@color/design_default_color_primary" />
115-->src\main\AndroidManifest.xml:101:13-67
116
117        <receiver
117-->[com.google.firebase:firebase-messaging:23.0.6] AndroidManifest.xml:32:9-39:20
118            android:name="com.google.firebase.iid.FirebaseInstanceIdReceiver"
118-->[com.google.firebase:firebase-messaging:23.0.6] AndroidManifest.xml:33:13-78
119            android:exported="true"
119-->[com.google.firebase:firebase-messaging:23.0.6] AndroidManifest.xml:34:13-36
120            android:permission="com.google.android.c2dm.permission.SEND" >
120-->[com.google.firebase:firebase-messaging:23.0.6] AndroidManifest.xml:35:13-73
121            <intent-filter>
121-->[com.google.firebase:firebase-messaging:23.0.6] AndroidManifest.xml:36:13-38:29
122                <action android:name="com.google.android.c2dm.intent.RECEIVE" />
122-->[com.google.firebase:firebase-messaging:23.0.6] AndroidManifest.xml:37:17-81
122-->[com.google.firebase:firebase-messaging:23.0.6] AndroidManifest.xml:37:25-78
123            </intent-filter>
124        </receiver>
125        <!--
126             FirebaseMessagingService performs security checks at runtime,
127             but set to not exported to explicitly avoid allowing another app to call it.
128        -->
129        <service
129-->[com.google.firebase:firebase-messaging:23.0.6] AndroidManifest.xml:45:9-52:19
130            android:name="com.google.firebase.messaging.FirebaseMessagingService"
130-->[com.google.firebase:firebase-messaging:23.0.6] AndroidManifest.xml:46:13-82
131            android:directBootAware="true"
131-->[com.google.firebase:firebase-messaging:23.0.6] AndroidManifest.xml:47:13-43
132            android:exported="false" >
132-->[com.google.firebase:firebase-messaging:23.0.6] AndroidManifest.xml:48:13-37
133            <intent-filter android:priority="-500" >
133-->src\main\AndroidManifest.xml:84:13-86:29
134                <action android:name="com.google.firebase.MESSAGING_EVENT" />
134-->src\main\AndroidManifest.xml:85:17-78
134-->src\main\AndroidManifest.xml:85:25-75
135            </intent-filter>
136        </service>
137        <service
137-->[com.google.firebase:firebase-messaging:23.0.6] AndroidManifest.xml:53:9-59:19
138            android:name="com.google.firebase.components.ComponentDiscoveryService"
138-->[com.google.firebase:firebase-messaging:23.0.6] AndroidManifest.xml:54:13-84
139            android:directBootAware="true"
139-->[com.google.firebase:firebase-common:20.1.1] AndroidManifest.xml:35:13-43
140            android:exported="false" >
140-->[com.google.firebase:firebase-messaging:23.0.6] AndroidManifest.xml:55:13-37
141            <meta-data
141-->[com.google.firebase:firebase-messaging:23.0.6] AndroidManifest.xml:56:13-58:85
142                android:name="com.google.firebase.components:com.google.firebase.messaging.FirebaseMessagingRegistrar"
142-->[com.google.firebase:firebase-messaging:23.0.6] AndroidManifest.xml:57:17-119
143                android:value="com.google.firebase.components.ComponentRegistrar" />
143-->[com.google.firebase:firebase-messaging:23.0.6] AndroidManifest.xml:58:17-82
144            <meta-data
144-->[com.google.android.gms:play-services-measurement-api:21.0.0] AndroidManifest.xml:31:13-33:85
145                android:name="com.google.firebase.components:com.google.firebase.analytics.connector.internal.AnalyticsConnectorRegistrar"
145-->[com.google.android.gms:play-services-measurement-api:21.0.0] AndroidManifest.xml:32:17-139
146                android:value="com.google.firebase.components.ComponentRegistrar" />
146-->[com.google.android.gms:play-services-measurement-api:21.0.0] AndroidManifest.xml:33:17-82
147            <meta-data
147-->[com.google.firebase:firebase-installations:17.0.1] AndroidManifest.xml:18:13-20:85
148                android:name="com.google.firebase.components:com.google.firebase.installations.FirebaseInstallationsRegistrar"
148-->[com.google.firebase:firebase-installations:17.0.1] AndroidManifest.xml:19:17-127
149                android:value="com.google.firebase.components.ComponentRegistrar" />
149-->[com.google.firebase:firebase-installations:17.0.1] AndroidManifest.xml:20:17-82
150            <meta-data
150-->[com.google.firebase:firebase-datatransport:18.1.5] AndroidManifest.xml:28:13-30:85
151                android:name="com.google.firebase.components:com.google.firebase.datatransport.TransportRegistrar"
151-->[com.google.firebase:firebase-datatransport:18.1.5] AndroidManifest.xml:29:17-115
152                android:value="com.google.firebase.components.ComponentRegistrar" />
152-->[com.google.firebase:firebase-datatransport:18.1.5] AndroidManifest.xml:30:17-82
153        </service>
154
155        <activity
155-->[com.google.android.gms:play-services-auth:20.2.0] AndroidManifest.xml:23:9-27:75
156            android:name="com.google.android.gms.auth.api.signin.internal.SignInHubActivity"
156-->[com.google.android.gms:play-services-auth:20.2.0] AndroidManifest.xml:24:13-93
157            android:excludeFromRecents="true"
157-->[com.google.android.gms:play-services-auth:20.2.0] AndroidManifest.xml:25:13-46
158            android:exported="false"
158-->[com.google.android.gms:play-services-auth:20.2.0] AndroidManifest.xml:26:13-37
159            android:theme="@android:style/Theme.Translucent.NoTitleBar" />
159-->[com.google.android.gms:play-services-auth:20.2.0] AndroidManifest.xml:27:13-72
160        <!--
161            Service handling Google Sign-In user revocation. For apps that do not integrate with
162            Google Sign-In, this service will never be started.
163        -->
164        <service
164-->[com.google.android.gms:play-services-auth:20.2.0] AndroidManifest.xml:33:9-37:51
165            android:name="com.google.android.gms.auth.api.signin.RevocationBoundService"
165-->[com.google.android.gms:play-services-auth:20.2.0] AndroidManifest.xml:34:13-89
166            android:exported="true"
166-->[com.google.android.gms:play-services-auth:20.2.0] AndroidManifest.xml:35:13-36
167            android:permission="com.google.android.gms.auth.api.signin.permission.REVOCATION_NOTIFICATION"
167-->[com.google.android.gms:play-services-auth:20.2.0] AndroidManifest.xml:36:13-107
168            android:visibleToInstantApps="true" />
168-->[com.google.android.gms:play-services-auth:20.2.0] AndroidManifest.xml:37:13-48
169
170        <activity
170-->[com.google.android.gms:play-services-base:18.0.1] AndroidManifest.xml:20:9-22:45
171            android:name="com.google.android.gms.common.api.GoogleApiActivity"
171-->[com.google.android.gms:play-services-base:18.0.1] AndroidManifest.xml:20:19-85
172            android:exported="false"
172-->[com.google.android.gms:play-services-base:18.0.1] AndroidManifest.xml:22:19-43
173            android:theme="@android:style/Theme.Translucent.NoTitleBar" />
173-->[com.google.android.gms:play-services-base:18.0.1] AndroidManifest.xml:21:19-78
174
175        <provider
175-->[com.google.firebase:firebase-common:20.1.1] AndroidManifest.xml:26:9-31:39
176            android:name="com.google.firebase.provider.FirebaseInitProvider"
176-->[com.google.firebase:firebase-common:20.1.1] AndroidManifest.xml:27:13-77
177            android:authorities="com.example.community.firebaseinitprovider"
177-->[com.google.firebase:firebase-common:20.1.1] AndroidManifest.xml:28:13-72
178            android:directBootAware="true"
178-->[com.google.firebase:firebase-common:20.1.1] AndroidManifest.xml:29:13-43
179            android:exported="false"
179-->[com.google.firebase:firebase-common:20.1.1] AndroidManifest.xml:30:13-37
180            android:initOrder="100" />
180-->[com.google.firebase:firebase-common:20.1.1] AndroidManifest.xml:31:13-36
181
182        <receiver
182-->[com.google.android.gms:play-services-measurement:21.0.0] AndroidManifest.xml:29:9-33:20
183            android:name="com.google.android.gms.measurement.AppMeasurementReceiver"
183-->[com.google.android.gms:play-services-measurement:21.0.0] AndroidManifest.xml:30:13-85
184            android:enabled="true"
184-->[com.google.android.gms:play-services-measurement:21.0.0] AndroidManifest.xml:31:13-35
185            android:exported="false" >
185-->[com.google.android.gms:play-services-measurement:21.0.0] AndroidManifest.xml:32:13-37
186        </receiver>
187
188        <service
188-->[com.google.android.gms:play-services-measurement:21.0.0] AndroidManifest.xml:35:9-38:40
189            android:name="com.google.android.gms.measurement.AppMeasurementService"
189-->[com.google.android.gms:play-services-measurement:21.0.0] AndroidManifest.xml:36:13-84
190            android:enabled="true"
190-->[com.google.android.gms:play-services-measurement:21.0.0] AndroidManifest.xml:37:13-35
191            android:exported="false" />
191-->[com.google.android.gms:play-services-measurement:21.0.0] AndroidManifest.xml:38:13-37
192        <service
192-->[com.google.android.gms:play-services-measurement:21.0.0] AndroidManifest.xml:39:9-43:72
193            android:name="com.google.android.gms.measurement.AppMeasurementJobService"
193-->[com.google.android.gms:play-services-measurement:21.0.0] AndroidManifest.xml:40:13-87
194            android:enabled="true"
194-->[com.google.android.gms:play-services-measurement:21.0.0] AndroidManifest.xml:41:13-35
195            android:exported="false"
195-->[com.google.android.gms:play-services-measurement:21.0.0] AndroidManifest.xml:42:13-37
196            android:permission="android.permission.BIND_JOB_SERVICE" />
196-->[com.google.android.gms:play-services-measurement:21.0.0] AndroidManifest.xml:43:13-69
197
198        <meta-data
198-->[com.google.android.gms:play-services-basement:18.0.0] AndroidManifest.xml:21:9-23:69
199            android:name="com.google.android.gms.version"
199-->[com.google.android.gms:play-services-basement:18.0.0] AndroidManifest.xml:22:13-58
200            android:value="@integer/google_play_services_version" />
200-->[com.google.android.gms:play-services-basement:18.0.0] AndroidManifest.xml:23:13-66
201
202        <service
202-->[com.google.android.datatransport:transport-backend-cct:3.1.6] AndroidManifest.xml:29:9-35:19
203            android:name="com.google.android.datatransport.runtime.backends.TransportBackendDiscovery"
203-->[com.google.android.datatransport:transport-backend-cct:3.1.6] AndroidManifest.xml:30:13-103
204            android:exported="false" >
204-->[com.google.android.datatransport:transport-backend-cct:3.1.6] AndroidManifest.xml:31:13-37
205            <meta-data
205-->[com.google.android.datatransport:transport-backend-cct:3.1.6] AndroidManifest.xml:32:13-34:39
206                android:name="backend:com.google.android.datatransport.cct.CctBackendFactory"
206-->[com.google.android.datatransport:transport-backend-cct:3.1.6] AndroidManifest.xml:33:17-94
207                android:value="cct" />
207-->[com.google.android.datatransport:transport-backend-cct:3.1.6] AndroidManifest.xml:34:17-36
208        </service>
209        <service
209-->[com.google.android.datatransport:transport-runtime:3.1.6] AndroidManifest.xml:26:9-30:19
210            android:name="com.google.android.datatransport.runtime.scheduling.jobscheduling.JobInfoSchedulerService"
210-->[com.google.android.datatransport:transport-runtime:3.1.6] AndroidManifest.xml:27:13-117
211            android:exported="false"
211-->[com.google.android.datatransport:transport-runtime:3.1.6] AndroidManifest.xml:28:13-37
212            android:permission="android.permission.BIND_JOB_SERVICE" >
212-->[com.google.android.datatransport:transport-runtime:3.1.6] AndroidManifest.xml:29:13-69
213        </service>
214
215        <receiver
215-->[com.google.android.datatransport:transport-runtime:3.1.6] AndroidManifest.xml:32:9-34:40
216            android:name="com.google.android.datatransport.runtime.scheduling.jobscheduling.AlarmManagerSchedulerBroadcastReceiver"
216-->[com.google.android.datatransport:transport-runtime:3.1.6] AndroidManifest.xml:33:13-132
217            android:exported="false" />
217-->[com.google.android.datatransport:transport-runtime:3.1.6] AndroidManifest.xml:34:13-37
218    </application>
219
220</manifest>